TN:
SF:src\ayaStringSplitter.ts
FN:9,ayaStringSplitter
FNF:1
FNH:1
FNDA:24,ayaStringSplitter
DA:1,1
DA:9,1
DA:10,24
DA:11,24
DA:13,24
DA:14,4
DA:15,4
DA:17,24
DA:18,1
DA:19,1
DA:21,19
DA:22,24
DA:23,7
DA:24,13
DA:25,13
DA:26,3
DA:27,3
DA:28,10
DA:29,7
DA:30,7
DA:31,7
DA:32,12
DA:33,12
DA:34,12
DA:35,3
DA:36,3
DA:37,9
DA:38,9
DA:40,9
DA:41,9
LF:30
LH:30
BRDA:9,0,0,24
BRDA:13,1,0,4
BRDA:15,2,0,20
BRDA:17,3,0,1
BRDA:19,4,0,19
BRDA:22,5,0,7
BRDA:30,6,0,1
BRDA:31,7,0,12
BRDA:34,8,0,10
BRDA:34,9,0,3
BRDA:36,10,0,9
BRDA:38,11,0,9
BRDA:23,12,0,13
BRDA:25,13,0,10
BRDA:25,14,0,3
BRDA:27,15,0,10
BRF:16
BRH:16
end_of_record
TN:
SF:src\const.ts
FNF:0
FNH:0
DA:12,1
DA:13,1
DA:14,1
DA:15,1
DA:16,1
DA:17,1
DA:18,1
DA:19,1
DA:20,1
DA:21,1
LF:10
LH:10
BRF:0
BRH:0
end_of_record
TN:
SF:src\findAyaidBySurah.ts
FN:11,findAyaidBySurah
FNF:1
FNH:1
FNDA:6364,findAyaidBySurah
DA:1,1
DA:11,1
DA:12,6364
DA:13,6364
DA:14,6364
DA:15,6364
LF:6
LH:6
BRDA:11,0,0,6364
BRF:1
BRH:1
end_of_record
TN:
SF:src\findJuz.ts
FN:14,findJuz
FNF:1
FNH:1
FNDA:14,findJuz
DA:1,1
DA:14,1
DA:15,14
DA:16,2
DA:17,12
DA:18,10
DA:20,14
DA:21,14
LF:8
LH:8
BRDA:14,0,0,14
BRDA:15,1,0,2
BRDA:16,2,0,12
BRDA:17,3,0,10
BRF:4
BRH:4
end_of_record
TN:
SF:src\findJuzAndShift.ts
FN:20,findJuzAndShift
FNF:1
FNH:1
FNDA:28,findJuzAndShift
DA:1,1
DA:20,1
DA:21,28
DA:22,28
DA:23,28
DA:28,28
DA:29,28
DA:30,5
DA:31,23
DA:33,28
DA:34,28
DA:35,28
DA:36,26
DA:37,26
DA:38,26
DA:39,26
DA:40,26
DA:41,26
DA:42,26
LF:19
LH:19
BRDA:20,0,0,28
BRDA:29,1,0,5
BRDA:30,2,0,4
BRDA:30,3,0,23
BRDA:31,4,0,22
BRDA:35,5,0,4
BRDA:35,6,0,26
BRF:7
BRH:7
end_of_record
TN:
SF:src\findJuzByAyaid.ts
FN:11,findJuzByAyaid
FNF:1
FNH:1
FNDA:292,findJuzByAyaid
DA:1,1
DA:11,1
DA:12,292
DA:14,292
DA:15,292
LF:5
LH:5
BRDA:11,0,0,292
BRDA:14,1,0,4630
BRF:2
BRH:2
end_of_record
TN:
SF:src\findJuzHizb.ts
FN:14,findJuzHizb
FNF:1
FNH:1
FNDA:9,findJuzHizb
DA:1,1
DA:14,1
DA:15,9
DA:16,9
DA:17,9
DA:18,9
DA:19,9
DA:20,1
DA:21,8
DA:23,9
DA:24,9
LF:11
LH:11
BRDA:14,0,0,9
BRDA:19,1,0,1
BRDA:20,2,0,8
BRDA:21,3,0,6
BRF:4
BRH:4
end_of_record
TN:
SF:src\findJuzHizbByAyaid.ts
FN:12,findJuzHizbByAyaid
FNF:1
FNH:1
FNDA:746,findJuzHizbByAyaid
DA:1,1
DA:12,1
DA:13,746
DA:15,746
DA:16,746
DA:17,746
LF:6
LH:6
BRDA:12,0,0,746
BRF:1
BRH:1
end_of_record
TN:
SF:src\findJuzMetaBySurah.ts
FN:14,findJuzMetaBySurah
FNF:1
FNH:1
FNDA:10,findJuzMetaBySurah
DA:1,1
DA:14,1
DA:15,10
DA:16,10
DA:17,10
DA:18,10
DA:19,10
DA:21,10
DA:22,10
DA:23,10
DA:24,42
DA:25,10
DA:26,36
DA:27,36
DA:29,10
DA:30,10
DA:31,10
DA:32,10
DA:33,10
DA:34,10
DA:35,10
DA:36,10
LF:22
LH:22
BRDA:14,0,0,10
BRDA:23,1,0,42
BRDA:25,2,0,36
BRF:3
BRH:3
end_of_record
TN:
SF:src\findMaqraByAyaid.ts
FN:11,findMaqraByAyaid
FNF:1
FNH:1
FNDA:744,findMaqraByAyaid
DA:1,1
DA:11,1
DA:12,744
DA:14,744
DA:15,744
LF:5
LH:5
BRDA:11,0,0,744
BRDA:14,1,0,88722
BRF:2
BRH:2
end_of_record
TN:
SF:src\findPage.ts
FN:14,findPage
FNF:1
FNH:1
FNDA:20,findPage
DA:1,1
DA:14,1
DA:15,20
DA:16,10
DA:17,10
DA:19,20
DA:20,20
LF:7
LH:7
BRDA:14,0,0,20
BRDA:15,1,0,10
BRDA:16,2,0,10
BRDA:19,3,0,4213
BRF:4
BRH:4
end_of_record
TN:
SF:src\findRangeAroundAyah.ts
FN:20,findRangeAroundAyah
FNF:1
FNH:1
FNDA:14,findRangeAroundAyah
DA:1,1
DA:20,1
DA:21,14
DA:22,14
DA:23,14
DA:24,14
DA:25,14
DA:26,14
DA:27,1
DA:28,13
DA:30,14
DA:31,14
DA:32,2
DA:33,2
DA:34,2
DA:36,14
DA:37,2
DA:38,2
DA:40,14
DA:41,2
DA:42,2
DA:43,14
DA:44,3
DA:45,3
DA:46,3
DA:48,14
DA:49,14
DA:50,3
DA:51,14
DA:52,14
LF:30
LH:30
BRDA:20,0,0,14
BRDA:26,1,0,1
BRDA:27,2,0,13
BRDA:28,3,0,12
BRDA:31,4,0,2
BRDA:36,5,0,2
BRDA:40,6,0,2
BRDA:43,7,0,3
BRDA:48,8,0,3
BRDA:49,9,0,3
BRF:10
BRH:10
end_of_record
TN:
SF:src\findSurahByAyaid.ts
FN:11,findSurahByAyaid
FNF:1
FNH:1
FNDA:6318,findSurahByAyaid
DA:1,1
DA:11,1
DA:12,6318
DA:14,6318
DA:15,6318
DA:16,6318
LF:6
LH:6
BRDA:11,0,0,6318
BRDA:14,1,0,224652
BRF:2
BRH:2
end_of_record
TN:
SF:src\getAyaCountinSura.ts
FN:9,getAyaCountinSura
FNF:1
FNH:1
FNDA:6406,getAyaCountinSura
DA:1,1
DA:9,1
DA:10,6406
DA:11,6406
LF:4
LH:4
BRDA:9,0,0,6406
BRF:1
BRH:1
end_of_record
TN:
SF:src\getAyahMeta.ts
FN:20,getAyahMeta
FNF:1
FNH:1
FNDA:8,getAyahMeta
DA:1,1
DA:20,1
DA:22,8
DA:23,8
DA:25,6
DA:26,6
DA:27,6
DA:28,6
DA:29,6
DA:30,6
DA:31,6
DA:32,6
DA:33,6
DA:34,6
DA:35,6
DA:36,6
DA:38,6
DA:39,6
DA:40,6
DA:41,6
DA:42,6
DA:43,6
LF:22
LH:22
BRDA:20,0,0,8
BRDA:22,1,0,7
BRDA:23,2,0,2
BRDA:23,3,0,6
BRDA:28,4,0,62
BRF:5
BRH:5
end_of_record
TN:
SF:src\getMaqraMeta.ts
FN:3,getMaqraMeta
FNF:1
FNH:1
FNDA:984,getMaqraMeta
DA:3,1
DA:9,984
DA:11,984
DA:12,984
DA:13,984
DA:14,984
LF:6
LH:6
BRDA:3,0,0,984
BRDA:12,1,0,67
BRF:2
BRH:2
end_of_record
TN:
SF:src\getPageMeta.ts
FN:13,getPageMeta
FNF:1
FNH:1
FNDA:7,getPageMeta
DA:1,1
DA:13,1
DA:15,7
DA:16,7
DA:18,5
DA:19,5
DA:20,5
DA:21,5
DA:23,5
DA:24,5
DA:25,5
DA:26,5
DA:27,5
DA:28,5
LF:14
LH:14
BRDA:13,0,0,7
BRDA:15,1,0,6
BRDA:16,2,0,2
BRDA:16,3,0,5
BRF:4
BRH:4
end_of_record
TN:
SF:src\getSurahMeta.ts
FN:11,getSurahMeta
FNF:1
FNH:1
FNDA:12772,getSurahMeta
DA:1,1
DA:11,1
DA:12,12772
DA:13,12772
DA:14,12772
LF:5
LH:5
BRDA:11,0,0,12772
BRF:1
BRH:1
end_of_record
TN:
SF:src\index.ts
FNF:0
FNH:0
DA:1,1
LF:1
LH:1
BRF:0
BRH:0
end_of_record
TN:
SF:src\isAyahJuzFirst.ts
FN:16,isAyahJuzFirst
FNF:1
FNH:1
FNDA:26,isAyahJuzFirst
DA:1,1
DA:16,1
DA:17,26
DA:18,26
DA:19,26
DA:20,26
DA:21,26
DA:22,5
DA:23,21
DA:25,26
DA:27,26
LF:11
LH:11
BRDA:16,0,0,26
BRDA:21,1,0,5
BRDA:22,2,0,21
BRDA:23,3,0,19
BRF:4
BRH:4
end_of_record
TN:
SF:src\isAyahPageFirst.ts
FN:15,isAyahPageFirst
FNF:1
FNH:1
FNDA:12,isAyahPageFirst
DA:1,1
DA:15,1
DA:16,12
DA:17,12
DA:18,12
DA:19,12
DA:20,12
DA:21,4
DA:22,8
DA:24,12
DA:26,12
LF:11
LH:11
BRDA:15,0,0,12
BRDA:20,1,0,4
BRDA:21,2,0,3
BRDA:21,3,0,8
BRDA:22,4,0,7
BRF:5
BRH:5
end_of_record
TN:
SF:src\nextAyah.ts
FN:12,nextAyah
FNF:1
FNH:1
FNDA:11,nextAyah
DA:1,1
DA:12,1
DA:13,11
DA:14,11
DA:16,7
DA:17,11
DA:18,11
LF:7
LH:7
BRDA:12,0,0,11
BRDA:13,1,0,9
BRDA:14,2,0,4
BRDA:14,3,0,7
BRDA:17,4,0,1
BRDA:17,5,0,6
BRF:6
BRH:6
end_of_record
TN:
SF:src\prevAyah.ts
FN:13,prevAyah
FNF:1
FNH:1
FNDA:13,prevAyah
DA:1,1
DA:13,1
DA:14,13
DA:16,13
DA:17,13
DA:18,13
LF:6
LH:6
BRDA:13,0,0,13
BRDA:17,1,0,1
BRDA:17,2,0,8
BRF:3
BRH:3
end_of_record
TN:
SF:src\types.ts
FN:1,(empty-report)
FNF:1
FNH:1
FNDA:1,(empty-report)
LF:0
LH:0
BRDA:1,0,0,1
BRF:1
BRH:1
end_of_record
TN:
SF:src\utils.ts
FN:9,binarySearch
FN:12,compare_fn
FNF:2
FNH:2
FNDA:32,binarySearch
FNDA:196,compare_fn
DA:9,1
DA:10,32
DA:11,32
DA:12,32
DA:13,32
DA:14,32
DA:15,32
DA:16,32
DA:17,196
DA:18,196
DA:19,196
DA:20,59
DA:21,59
DA:22,137
DA:23,120
DA:24,120
DA:25,17
DA:26,17
DA:27,17
DA:28,196
DA:29,15
DA:30,15
LF:22
LH:22
BRDA:9,0,0,32
BRDA:16,1,0,196
BRDA:19,2,0,59
BRDA:21,3,0,137
BRDA:22,4,0,120
BRDA:24,5,0,17
BRDA:28,6,0,15
BRDA:12,7,0,196
BRF:8
BRH:8
end_of_record
TN:
SF:src\validation.ts
FN:11,checkValidSurah
FN:32,checkValidSurahAyah
FN:49,checkValidAyahId
FNF:3
FNH:3
FNDA:19284,checkValidSurah
FNDA:6398,checkValidSurahAyah
FNDA:8149,checkValidAyahId
DA:1,1
DA:11,1
DA:12,19284
DA:13,7
DA:14,6
DA:15,6
DA:17,19284
DA:18,27
DA:19,23
DA:20,23
DA:21,19250
DA:22,19250
DA:32,1
DA:33,6398
DA:35,6398
DA:36,12
DA:37,10
DA:38,10
DA:39,6380
DA:40,6380
DA:49,1
DA:50,8149
DA:51,13
DA:52,10
DA:53,10
DA:54,8149
DA:55,14
DA:56,12
DA:57,12
DA:58,8122
DA:59,8122
LF:31
LH:31
BRDA:11,0,0,19284
BRDA:12,1,0,19281
BRDA:12,2,0,7
BRDA:13,3,0,1
BRDA:13,4,0,6
BRDA:15,5,0,19277
BRDA:17,6,0,19266
BRDA:17,7,0,27
BRDA:18,8,0,4
BRDA:18,9,0,23
BRDA:20,10,0,19250
BRDA:32,11,0,6398
BRDA:33,12,0,2
BRDA:33,13,0,6394
BRDA:33,14,0,6392
BRDA:35,15,0,6389
BRDA:35,16,0,12
BRDA:36,17,0,2
BRDA:36,18,0,10
BRDA:38,19,0,6380
BRDA:49,20,0,8149
BRDA:50,21,0,8146
BRDA:50,22,0,13
BRDA:51,23,0,3
BRDA:51,24,0,10
BRDA:53,25,0,8136
BRDA:54,26,0,8129
BRDA:54,27,0,14
BRDA:55,28,0,2
BRDA:55,29,0,12
BRDA:57,30,0,8122
BRF:31
BRH:31
end_of_record
TN:
SF:src\i18n\sura.en.ts
FNF:0
FNH:0
DA:2,1
DA:3,1
DA:4,1
DA:5,1
DA:6,1
DA:7,1
DA:8,1
DA:9,1
DA:10,1
DA:11,1
DA:12,1
DA:13,1
DA:14,1
DA:15,1
DA:16,1
DA:17,1
DA:18,1
DA:19,1
DA:20,1
DA:21,1
DA:22,1
DA:23,1
DA:24,1
DA:25,1
DA:26,1
DA:27,1
DA:28,1
DA:29,1
DA:30,1
DA:31,1
DA:32,1
DA:33,1
DA:34,1
DA:35,1
DA:36,1
DA:37,1
DA:38,1
DA:39,1
DA:40,1
DA:41,1
DA:42,1
DA:43,1
DA:44,1
DA:45,1
DA:46,1
DA:47,1
DA:48,1
DA:49,1
DA:50,1
DA:51,1
DA:52,1
DA:53,1
DA:54,1
DA:55,1
DA:56,1
DA:57,1
DA:58,1
DA:59,1
DA:60,1
DA:61,1
DA:62,1
DA:63,1
DA:64,1
DA:65,1
DA:66,1
DA:67,1
DA:68,1
DA:69,1
DA:70,1
DA:71,1
DA:72,1
DA:73,1
DA:74,1
DA:75,1
DA:76,1
DA:77,1
DA:78,1
DA:79,1
DA:80,1
DA:81,1
DA:82,1
DA:83,1
DA:84,1
DA:85,1
DA:86,1
DA:87,1
DA:88,1
DA:89,1
DA:90,1
DA:91,1
DA:92,1
DA:93,1
DA:94,1
DA:95,1
DA:96,1
DA:97,1
DA:98,1
DA:99,1
DA:100,1
DA:101,1
DA:102,1
DA:103,1
DA:104,1
DA:105,1
DA:106,1
DA:107,1
DA:108,1
DA:109,1
DA:110,1
DA:111,1
DA:112,1
DA:113,1
DA:114,1
DA:115,1
DA:116,1
DA:117,1
DA:118,1
LF:117
LH:117
BRF:0
BRH:0
end_of_record
TN:
SF:src\i18n\sura.ru.ts
FNF:0
FNH:0
DA:2,1
DA:3,1
DA:4,1
DA:5,1
DA:6,1
DA:7,1
DA:8,1
DA:9,1
DA:10,1
DA:11,1
DA:12,1
DA:13,1
DA:14,1
DA:15,1
DA:16,1
DA:17,1
DA:18,1
DA:19,1
DA:20,1
DA:21,1
DA:22,1
DA:23,1
DA:24,1
DA:25,1
DA:26,1
DA:27,1
DA:28,1
DA:29,1
DA:30,1
DA:31,1
DA:32,1
DA:33,1
DA:34,1
DA:35,1
DA:36,1
DA:37,1
DA:38,1
DA:39,1
DA:40,1
DA:41,1
DA:42,1
DA:43,1
DA:44,1
DA:45,1
DA:46,1
DA:47,1
DA:48,1
DA:49,1
DA:50,1
DA:51,1
DA:52,1
DA:53,1
DA:54,1
DA:55,1
DA:56,1
DA:57,1
DA:58,1
DA:59,1
DA:60,1
DA:61,1
DA:62,1
DA:63,1
DA:64,1
DA:65,1
DA:66,1
DA:67,1
DA:68,1
DA:69,1
DA:70,1
DA:71,1
DA:72,1
DA:73,1
DA:74,1
DA:75,1
DA:76,1
DA:77,1
DA:78,1
DA:79,1
DA:80,1
DA:81,1
DA:82,1
DA:83,1
DA:84,1
DA:85,1
DA:86,1
DA:87,1
DA:88,1
DA:89,1
DA:90,1
DA:91,1
DA:92,1
DA:93,1
DA:94,1
DA:95,1
DA:96,1
DA:97,1
DA:98,1
DA:99,1
DA:100,1
DA:101,1
DA:102,1
DA:103,1
DA:104,1
DA:105,1
DA:106,1
DA:107,1
DA:108,1
DA:109,1
DA:110,1
DA:111,1
DA:112,1
DA:113,1
DA:114,1
DA:115,1
DA:116,1
DA:117,1
DA:118,1
LF:117
LH:117
BRF:0
BRH:0
end_of_record
TN:
SF:src\lists\hizbList.ts
FNF:0
FNH:0
DA:4,1
DA:5,1
DA:6,1
DA:7,1
DA:8,1
DA:9,1
DA:10,1
DA:11,1
DA:12,1
DA:13,1
DA:14,1
DA:15,1
DA:16,1
DA:17,1
DA:18,1
DA:19,1
DA:20,1
DA:21,1
DA:22,1
DA:23,1
LF:20
LH:20
BRF:0
BRH:0
end_of_record
TN:
SF:src\lists\juzList.ts
FNF:0
FNH:0
DA:4,1
DA:5,1
DA:6,1
DA:7,1
DA:8,1
LF:5
LH:5
BRF:0
BRH:0
end_of_record
TN:
SF:src\lists\manzilList.ts
FNF:0
FNH:0
DA:4,1
DA:5,1
DA:6,1
LF:3
LH:3
BRF:0
BRH:0
end_of_record
TN:
SF:src\lists\pageList.ts
FNF:0
FNH:0
DA:3,1
DA:4,1
DA:5,1
DA:6,1
DA:7,1
DA:8,1
DA:9,1
DA:10,1
DA:11,1
DA:12,1
DA:13,1
DA:14,1
DA:15,1
DA:16,1
DA:17,1
DA:18,1
DA:19,1
DA:20,1
DA:21,1
DA:22,1
DA:23,1
DA:24,1
DA:25,1
DA:26,1
DA:27,1
DA:28,1
DA:29,1
DA:30,1
DA:31,1
DA:32,1
DA:33,1
DA:34,1
DA:35,1
DA:36,1
DA:37,1
DA:38,1
DA:39,1
DA:40,1
DA:41,1
DA:42,1
DA:43,1
DA:44,1
DA:45,1
DA:46,1
DA:47,1
DA:48,1
DA:49,1
LF:47
LH:47
BRF:0
BRH:0
end_of_record
TN:
SF:src\lists\rukuList.ts
FNF:0
FNH:0
DA:4,1
DA:5,1
DA:6,1
DA:7,1
DA:8,1
DA:9,1
DA:10,1
DA:11,1
DA:12,1
DA:13,1
DA:14,1
DA:15,1
DA:16,1
DA:17,1
DA:18,1
DA:19,1
DA:20,1
DA:21,1
DA:22,1
DA:23,1
DA:24,1
DA:25,1
DA:26,1
DA:27,1
DA:28,1
DA:29,1
DA:30,1
DA:31,1
DA:32,1
DA:33,1
DA:34,1
DA:35,1
DA:36,1
DA:37,1
DA:38,1
DA:39,1
DA:40,1
DA:41,1
DA:42,1
DA:43,1
DA:44,1
DA:45,1
DA:46,1
DA:47,1
LF:44
LH:44
BRF:0
BRH:0
end_of_record
TN:
SF:src\lists\sajdaList.ts
FNF:0
FNH:0
DA:13,1
DA:15,1
DA:16,1
DA:17,1
DA:18,1
DA:19,1
DA:20,1
DA:21,1
DA:22,1
DA:23,1
DA:24,1
DA:25,1
DA:26,1
DA:27,1
DA:28,1
DA:29,1
DA:30,1
LF:17
LH:17
BRF:0
BRH:0
end_of_record
TN:
SF:src\lists\surahList.ts
FNF:0
FNH:0
DA:3,1
DA:4,1
DA:5,1
DA:6,1
DA:7,1
DA:8,1
DA:9,1
DA:10,1
DA:11,1
DA:12,1
DA:13,1
DA:14,1
DA:15,1
DA:16,1
DA:17,1
DA:18,1
DA:19,1
DA:20,1
DA:21,1
DA:22,1
DA:23,1
DA:24,1
DA:25,1
DA:26,1
DA:27,1
DA:28,1
DA:29,1
DA:30,1
DA:31,1
DA:32,1
DA:33,1
DA:34,1
DA:35,1
DA:36,1
DA:37,1
DA:38,1
DA:39,1
DA:40,1
DA:41,1
DA:42,1
DA:43,1
DA:44,1
DA:45,1
DA:46,1
DA:47,1
DA:48,1
DA:49,1
DA:50,1
DA:51,1
DA:52,1
DA:53,1
DA:54,1
DA:55,1
DA:56,1
DA:57,1
DA:58,1
DA:59,1
DA:60,1
DA:61,1
DA:62,1
DA:63,1
DA:64,1
DA:65,1
DA:66,1
DA:67,1
DA:68,1
DA:69,1
DA:70,1
DA:71,1
DA:72,1
DA:73,1
DA:74,1
DA:75,1
DA:76,1
DA:77,1
DA:78,1
DA:79,1
DA:80,1
DA:81,1
DA:82,1
DA:83,1
DA:84,1
DA:85,1
DA:86,1
DA:87,1
DA:88,1
DA:89,1
DA:90,1
DA:91,1
DA:92,1
DA:93,1
DA:94,1
DA:95,1
DA:96,1
DA:97,1
DA:98,1
DA:99,1
DA:100,1
DA:101,1
DA:102,1
DA:103,1
DA:104,1
DA:105,1
DA:106,1
DA:107,1
DA:108,1
DA:109,1
DA:110,1
DA:111,1
DA:112,1
DA:113,1
DA:114,1
DA:115,1
DA:116,1
DA:117,1
DA:118,1
DA:119,1
DA:120,1
LF:118
LH:118
BRF:0
BRH:0
end_of_record
